<?xml version="1.0" encoding="UTF-8"?>
<testsuite xmlns:xsi="http://www.w3.org/2001/XMLSchema-instance" xsi:noNamespaceSchemaLocation="https://maven.apache.org/surefire/maven-surefire-plugin/xsd/surefire-test-report.xsd" version="3.0.2" name="net.buscacio.CleanAPIApplicationTests" time="4.757" tests="1" errors="0" skipped="0" failures="0">
  <properties>
[...]
</properties>
  <testcase name="contextLoads" classname="net.buscacio.CleanAPIApplicationTests" time="0.888">
    <system-out><![CDATA[17:40:09.361 [main] INFO org.springframework.test.context.support.AnnotationConfigContextLoaderUtils -- Could not detect default configuration classes for test class [net.buscacio.CleanAPIApplicationTests]: CleanAPIApplicationTests does not declare any static, non-private, non-final, nested classes annotated with @Configuration.
17:40:09.535 [main] INFO org.springframework.boot.test.context.SpringBootTestContextBootstrapper -- Found @SpringBootConfiguration net.buscacio.CleanAPIApplication for test class net.buscacio.CleanAPIApplicationTests

  .   ____          _            __ _ _
 /\\ / ___'_ __ _ _(_)_ __  __ _ \ \ \ \
( ( )\___ | '_ | '_| | '_ \/ _` | \ \ \ \
 \\/  ___)| |_)| | | | | || (_| |  ) ) ) )
  '  |____| .__|_| |_|_| |_\__, | / / / /
 =========|_|==============|___/=/_/_/_/

 :: Spring Boot ::                (v3.4.5)

2025-06-22T17:40:10.212-03:00  INFO 15552 --- [           main] net.buscacio.CleanAPIApplicationTests    : Starting CleanAPIApplicationTests using Java 24.0.1 with PID 15552 (started by paula in D:\projetos\tcc\api-clean)
2025-06-22T17:40:10.214-03:00  INFO 15552 --- [           main] net.buscacio.CleanAPIApplicationTests    : No active profile set, falling back to 1 default profile: "default"
2025-06-22T17:40:11.802-03:00  WARN 15552 --- [           main] .s.s.UserDetailsServiceAutoConfiguration : 

Using generated security password: 3d7d558e-2292-43b7-92c6-7988005c0fa1

This generated password is for development use only. Your security configuration must be updated before running your application in production.

2025-06-22T17:40:11.836-03:00  INFO 15552 --- [           main] r$InitializeUserDetailsManagerConfigurer : Global AuthenticationManager configured with UserDetailsService bean with name inMemoryUserDetailsManager
2025-06-22T17:40:12.377-03:00  INFO 15552 --- [           main] o.s.b.a.e.web.EndpointLinksResolver      : Exposing 1 endpoint beneath base path '/actuator'
2025-06-22T17:40:12.922-03:00  INFO 15552 --- [           main] net.buscacio.CleanAPIApplicationTests    : Started CleanAPIApplicationTests in 3.201 seconds (process running for 4.521)
]]></system-out>
    <system-err><![CDATA[Mockito is currently self-attaching to enable the inline-mock-maker. This will no longer work in future releases of the JDK. Please add Mockito as an agent to your build what is described in Mockito's documentation: https://javadoc.io/doc/org.mockito/mockito-core/latest/org/mockito/Mockito.html#0.3
WARNING: A Java agent has been loaded dynamically (C:\Users\paula\.m2\repository\net\bytebuddy\byte-buddy-agent\1.15.11\byte-buddy-agent-1.15.11.jar)
WARNING: If a serviceability tool is in use, please run with -XX:+EnableDynamicAgentLoading to hide this warning
WARNING: If a serviceability tool is not in use, please run with -Djdk.instrument.traceUsage for more information
WARNING: Dynamic loading of agents will be disallowed by default in a future release
]]></system-err>
  </testcase>
</testsuite>